TN:
SF:src/adapters/controllers/category/category.controller.ts
FN:24,(anonymous_4)
FN:35,(anonymous_5)
FN:41,(anonymous_6)
FN:48,(anonymous_7)
FN:56,(anonymous_8)
FN:67,(anonymous_9)
FNF:6
FNH:6
FNDA:7,(anonymous_4)
FNDA:3,(anonymous_5)
FNDA:1,(anonymous_6)
FNDA:1,(anonymous_7)
FNDA:1,(anonymous_8)
FNDA:1,(anonymous_9)
DA:1,1
DA:12,1
DA:13,1
DA:14,1
DA:15,1
DA:16,1
DA:17,1
DA:18,1
DA:19,1
DA:23,1
DA:25,7
DA:26,7
DA:27,7
DA:28,7
DA:29,7
DA:35,1
DA:36,3
DA:41,1
DA:42,1
DA:48,1
DA:49,1
DA:56,1
DA:60,1
DA:67,1
DA:68,1
LF:25
LH:25
BRF:0
BRH:0
end_of_record
TN:
SF:src/adapters/controllers/product/product.controller.ts
FN:24,(anonymous_4)
FN:35,(anonymous_5)
FN:41,(anonymous_6)
FN:48,(anonymous_7)
FN:56,(anonymous_8)
FN:64,(anonymous_9)
FNF:6
FNH:6
FNDA:7,(anonymous_4)
FNDA:3,(anonymous_5)
FNDA:1,(anonymous_6)
FNDA:1,(anonymous_7)
FNDA:1,(anonymous_8)
FNDA:1,(anonymous_9)
DA:1,1
DA:12,1
DA:13,1
DA:14,1
DA:15,1
DA:16,1
DA:17,1
DA:18,1
DA:19,1
DA:23,1
DA:25,7
DA:26,7
DA:27,7
DA:28,7
DA:29,7
DA:35,1
DA:36,3
DA:41,1
DA:42,1
DA:48,1
DA:49,1
DA:56,1
DA:57,1
DA:64,1
DA:65,1
LF:25
LH:25
BRF:0
BRH:0
end_of_record
TN:
SF:src/adapters/database/repositories/category.repository.ts
FN:10,(anonymous_2)
FN:12,(anonymous_3)
FN:16,(anonymous_4)
FN:22,(anonymous_5)
FN:30,(anonymous_6)
FN:37,(anonymous_7)
FNF:6
FNH:1
FNDA:6,(anonymous_2)
FNDA:0,(anonymous_3)
FNDA:0,(anonymous_4)
FNDA:0,(anonymous_5)
FNDA:0,(anonymous_6)
FNDA:0,(anonymous_7)
DA:1,1
DA:2,1
DA:9,1
DA:10,6
DA:13,0
DA:17,0
DA:23,0
DA:31,0
DA:38,0
LF:9
LH:4
BRF:0
BRH:0
end_of_record
TN:
SF:src/adapters/database/repositories/product.repository.ts
FN:9,(anonymous_2)
FN:11,(anonymous_3)
FN:15,(anonymous_4)
FN:21,(anonymous_5)
FN:27,(anonymous_6)
FN:34,(anonymous_7)
FNF:6
FNH:1
FNDA:6,(anonymous_2)
FNDA:0,(anonymous_3)
FNDA:0,(anonymous_4)
FNDA:0,(anonymous_5)
FNDA:0,(anonymous_6)
FNDA:0,(anonymous_7)
DA:1,1
DA:3,1
DA:8,1
DA:9,6
DA:12,0
DA:16,0
DA:22,0
DA:28,0
DA:35,0
LF:9
LH:4
BRF:0
BRH:0
end_of_record
TN:
SF:src/application/services/category.service.ts
FN:7,(anonymous_4)
FN:12,(anonymous_5)
FN:16,(anonymous_6)
FN:20,(anonymous_7)
FN:24,(anonymous_8)
FN:32,(anonymous_9)
FNF:6
FNH:6
FNDA:20,(anonymous_4)
FNDA:2,(anonymous_5)
FNDA:1,(anonymous_6)
FNDA:1,(anonymous_7)
FNDA:1,(anonymous_8)
FNDA:1,(anonymous_9)
DA:1,7
DA:6,7
DA:9,20
DA:13,2
DA:17,1
DA:21,1
DA:28,1
DA:29,1
DA:33,1
LF:9
LH:9
BRF:0
BRH:0
end_of_record
TN:
SF:src/application/services/product.service.ts
FN:7,(anonymous_4)
FN:12,(anonymous_5)
FN:16,(anonymous_6)
FN:20,(anonymous_7)
FN:24,(anonymous_8)
FN:32,(anonymous_9)
FNF:6
FNH:6
FNDA:19,(anonymous_4)
FNDA:2,(anonymous_5)
FNDA:1,(anonymous_6)
FNDA:1,(anonymous_7)
FNDA:1,(anonymous_8)
FNDA:1,(anonymous_9)
DA:1,7
DA:6,7
DA:9,19
DA:13,2
DA:17,1
DA:21,1
DA:28,1
DA:29,1
DA:33,1
LF:9
LH:9
BRF:0
BRH:0
end_of_record
TN:
SF:src/application/usecases/category/create-category.usecase.ts
FN:8,(anonymous_2)
FN:10,(anonymous_3)
FNF:2
FNH:2
FNDA:9,(anonymous_2)
FNDA:5,(anonymous_3)
DA:1,2
DA:2,2
DA:4,2
DA:7,2
DA:8,9
DA:11,5
DA:12,5
DA:14,3
DA:15,2
DA:16,2
DA:20,1
LF:11
LH:11
BRDA:14,0,0,2
BRDA:15,1,0,2
BRF:2
BRH:2
end_of_record
TN:
SF:src/application/usecases/category/delete-category.usecase.ts
FN:6,(anonymous_2)
FN:8,(anonymous_3)
FNF:2
FNH:2
FNDA:8,(anonymous_2)
FNDA:2,(anonymous_3)
DA:1,2
DA:2,2
DA:5,2
DA:6,8
DA:9,2
LF:5
LH:5
BRF:0
BRH:0
end_of_record
TN:
SF:src/application/usecases/category/get-all-categories.usecase.ts
FN:6,(anonymous_2)
FN:8,(anonymous_3)
FNF:2
FNH:2
FNDA:9,(anonymous_2)
FNDA:3,(anonymous_3)
DA:1,2
DA:2,2
DA:5,2
DA:6,9
DA:9,3
LF:5
LH:5
BRF:0
BRH:0
end_of_record
TN:
SF:src/application/usecases/category/get-category.usecase.ts
FN:6,(anonymous_2)
FN:8,(anonymous_3)
FNF:2
FNH:2
FNDA:8,(anonymous_2)
FNDA:2,(anonymous_3)
DA:1,2
DA:2,2
DA:5,2
DA:6,8
DA:9,2
LF:5
LH:5
BRF:0
BRH:0
end_of_record
TN:
SF:src/application/usecases/category/update-category.usecase.ts
FN:6,(anonymous_2)
FN:8,(anonymous_3)
FNF:2
FNH:2
FNDA:8,(anonymous_2)
FNDA:2,(anonymous_3)
DA:1,2
DA:2,2
DA:5,2
DA:6,8
DA:9,2
LF:5
LH:5
BRF:0
BRH:0
end_of_record
TN:
SF:src/application/usecases/product/create-product.usecase.ts
FN:8,(anonymous_2)
FN:10,(anonymous_3)
FNF:2
FNH:2
FNDA:9,(anonymous_2)
FNDA:5,(anonymous_3)
DA:1,2
DA:2,2
DA:4,2
DA:7,2
DA:8,9
DA:11,5
DA:12,5
DA:14,3
DA:15,2
DA:16,2
DA:20,1
LF:11
LH:11
BRDA:14,0,0,2
BRDA:15,1,0,2
BRF:2
BRH:2
end_of_record
TN:
SF:src/application/usecases/product/delete-product.usecase.ts
FN:6,(anonymous_2)
FN:8,(anonymous_3)
FNF:2
FNH:2
FNDA:8,(anonymous_2)
FNDA:2,(anonymous_3)
DA:1,2
DA:2,2
DA:5,2
DA:6,8
DA:9,2
LF:5
LH:5
BRF:0
BRH:0
end_of_record
TN:
SF:src/application/usecases/product/get-all-products.usecase.ts
FN:6,(anonymous_2)
FN:8,(anonymous_3)
FNF:2
FNH:2
FNDA:8,(anonymous_2)
FNDA:2,(anonymous_3)
DA:1,2
DA:2,2
DA:5,2
DA:6,8
DA:9,2
LF:5
LH:5
BRF:0
BRH:0
end_of_record
TN:
SF:src/application/usecases/product/get-product.usecase.ts
FN:6,(anonymous_2)
FN:8,(anonymous_3)
FNF:2
FNH:2
FNDA:8,(anonymous_2)
FNDA:2,(anonymous_3)
DA:1,2
DA:2,2
DA:5,2
DA:6,8
DA:9,2
LF:5
LH:5
BRF:0
BRH:0
end_of_record
TN:
SF:src/application/usecases/product/update-product.usecase.ts
FN:7,(anonymous_2)
FN:9,(anonymous_3)
FNF:2
FNH:2
FNDA:8,(anonymous_2)
FNDA:2,(anonymous_3)
DA:1,2
DA:3,2
DA:6,2
DA:7,8
DA:16,2
LF:5
LH:5
BRF:0
BRH:0
end_of_record
